[18:57:12] [ERROR] orm_create: orm error: invalid connection handle
[18:57:12] [ERROR] orm_addvar_int: invalid orm id '0'
[18:57:12] [ERROR] orm_addvar_string: invalid orm id '0'
[18:57:12] [ERROR] orm_addvar_string: invalid orm id '0'
[18:57:12] [ERROR] orm_addvar_string: invalid orm id '0'
[18:57:12] [ERROR] orm_addvar_string: invalid orm id '0'
[18:57:12] [ERROR] orm_addvar_string: invalid orm id '0'
[18:57:12] [ERROR] orm_addvar_string: invalid orm id '0'
[18:57:12] [ERROR] orm_addvar_int: invalid orm id '0'
[18:57:12] [ERROR] orm_addvar_int: invalid orm id '0'
[18:57:12] [ERROR] orm_addvar_int: invalid orm id '0'
[18:57:12] [ERROR] orm_addvar_int: invalid orm id '0'
[18:57:12] [ERROR] orm_addvar_int: invalid orm id '0'
[18:57:12] [ERROR] orm_addvar_float: invalid orm id '0'
[18:57:12] [ERROR] orm_addvar_float: invalid orm id '0'
[18:57:12] [ERROR] orm_addvar_float: invalid orm id '0'
[18:57:12] [ERROR] orm_addvar_float: invalid orm id '0'
[18:57:12] [ERROR] orm_addvar_float: invalid orm id '0'
[18:57:12] [ERROR] orm_addvar_float: invalid orm id '0'
[18:57:12] [ERROR] orm_setkey: invalid orm id '0'
[18:57:12] [ERROR] orm_select: invalid orm id '0'
[18:58:17] [ERROR] orm_destroy: invalid orm id '0'
[18:58:30] [ERROR] orm_create: orm error: invalid connection handle
[18:58:30] [ERROR] orm_addvar_int: invalid orm id '0'
[18:58:30] [ERROR] orm_addvar_string: invalid orm id '0'
[18:58:30] [ERROR] orm_addvar_string: invalid orm id '0'
[18:58:30] [ERROR] orm_addvar_string: invalid orm id '0'
[18:58:30] [ERROR] orm_addvar_string: invalid orm id '0'
[18:58:30] [ERROR] orm_addvar_string: invalid orm id '0'
[18:58:30] [ERROR] orm_addvar_string: invalid orm id '0'
[18:58:30] [ERROR] orm_addvar_int: invalid orm id '0'
[18:58:30] [ERROR] orm_addvar_int: invalid orm id '0'
[18:58:30] [ERROR] orm_addvar_int: invalid orm id '0'
[18:58:30] [ERROR] orm_addvar_int: invalid orm id '0'
[18:58:30] [ERROR] orm_addvar_int: invalid orm id '0'
[18:58:30] [ERROR] orm_addvar_float: invalid orm id '0'
[18:58:30] [ERROR] orm_addvar_float: invalid orm id '0'
[18:58:30] [ERROR] orm_addvar_float: invalid orm id '0'
[18:58:30] [ERROR] orm_addvar_float: invalid orm id '0'
[18:58:30] [ERROR] orm_addvar_float: invalid orm id '0'
[18:58:30] [ERROR] orm_addvar_float: invalid orm id '0'
[18:58:30] [ERROR] orm_setkey: invalid orm id '0'
[18:58:30] [ERROR] orm_select: invalid orm id '0'
[19:00:13] [ERROR] orm_destroy: invalid orm id '0'
[19:00:25] [ERROR] mysql_connect_file: handle error: invalid connection file specified (file: "mysql.ini")
[19:00:25] [ERROR] mysql_errno: invalid connection handle '1'
[19:00:25] [ERROR] orm_create: orm error: invalid connection handle
[19:00:25] [ERROR] orm_addvar_int: invalid orm id '0'
[19:00:25] [ERROR] orm_addvar_string: invalid orm id '0'
[19:00:25] [ERROR] orm_addvar_string: invalid orm id '0'
[19:00:25] [ERROR] orm_addvar_string: invalid orm id '0'
[19:00:25] [ERROR] orm_addvar_string: invalid orm id '0'
[19:00:25] [ERROR] orm_addvar_string: invalid orm id '0'
[19:00:25] [ERROR] orm_addvar_string: invalid orm id '0'
[19:00:25] [ERROR] orm_addvar_int: invalid orm id '0'
[19:00:25] [ERROR] orm_addvar_int: invalid orm id '0'
[19:00:25] [ERROR] orm_addvar_int: invalid orm id '0'
[19:00:25] [ERROR] orm_addvar_int: invalid orm id '0'
[19:00:25] [ERROR] orm_addvar_int: invalid orm id '0'
[19:00:25] [ERROR] orm_addvar_float: invalid orm id '0'
[19:00:25] [ERROR] orm_addvar_float: invalid orm id '0'
[19:00:25] [ERROR] orm_addvar_float: invalid orm id '0'
[19:00:25] [ERROR] orm_addvar_float: invalid orm id '0'
[19:00:25] [ERROR] orm_addvar_float: invalid orm id '0'
[19:00:25] [ERROR] orm_addvar_float: invalid orm id '0'
[19:00:25] [ERROR] orm_setkey: invalid orm id '0'
[19:00:25] [ERROR] orm_select: invalid orm id '0'
[19:00:52] [ERROR] mysql_connect_file: handle error: invalid connection file specified (file: "mysql.ini") (../modules/core/database.pwn:7 -> D:\San Andreas Roleplay\gamemodes\SA-RP.pwn:59 -> D:\San Andreas Roleplay\dependencies\.resources\samp-plugin-timerfix-aa6881\..\..\indirection\indirection.inc:965)
[19:00:52] [ERROR] mysql_errno: invalid connection handle '1' (../modules/core/database.pwn:9 -> D:\San Andreas Roleplay\gamemodes\SA-RP.pwn:59 -> D:\San Andreas Roleplay\dependencies\.resources\samp-plugin-timerfix-aa6881\..\..\indirection\indirection.inc:965)
[19:00:59] [ERROR] mysql_connect_file: handle error: invalid connection file specified (file: "mysql.ini") (../modules/core/database.pwn:7 -> D:\San Andreas Roleplay\gamemodes\SA-RP.pwn:59 -> D:\San Andreas Roleplay\dependencies\.resources\samp-plugin-timerfix-aa6881\..\..\indirection\indirection.inc:965)
[19:00:59] [ERROR] mysql_errno: invalid connection handle '1' (../modules/core/database.pwn:9 -> D:\San Andreas Roleplay\gamemodes\SA-RP.pwn:59 -> D:\San Andreas Roleplay\dependencies\.resources\samp-plugin-timerfix-aa6881\..\..\indirection\indirection.inc:965)
[19:04:16] [WARNING] duplicate connection detected: handle id 1 already exists with host = '127.0.0.1', username = 'zikis' and database = 'sarp'
[19:06:19] [WARNING] duplicate connection detected: handle id 1 already exists with host = '127.0.0.1', username = 'zikis' and database = 'sarp'
[19:09:16] [ERROR] CConnection::CConnection - establishing connection to MySQL database failed: #2002 'Can't connect to MySQL server on '127.0.0.1' (10061)'
[19:09:18] [ERROR] CConnection::CConnection - establishing connection to MySQL database failed: #2002 'Can't connect to MySQL server on '127.0.0.1' (10061)'
[19:09:20] [ERROR] CConnection::CConnection - establishing connection to MySQL database failed: #2002 'Can't connect to MySQL server on '127.0.0.1' (10061)'
[19:09:22] [ERROR] CConnection::CConnection - establishing connection to MySQL database failed: #2002 'Can't connect to MySQL server on '127.0.0.1' (10061)'
[19:17:15] [WARNING] duplicate connection detected: handle id 1 already exists with host = '127.0.0.1', username = 'zikis' and database = 'sarp'
[19:25:57] [WARNING] duplicate connection detected: handle id 1 already exists with host = '127.0.0.1', username = 'zikis' and database = 'sarp'
[20:09:49] [ERROR] error #1064 while executing query "CREATE TABLE IF NOT EXISTS player (id INTAUTO_INCREMENT,name VARCHAR(24) NOT NULL,pass VARCHAR(65) NOT NULL,salt VARCHAR(13) NOT NULL,ip VARCHAR(16) DEFAULT 'N/A',lastlogin VARCHAR(23) DEFAULT 'N/A',admin INT DEFAULT 0,skin INT DEFAULT 1,money INT DEFAULT 250,moneyb INT DEFAULT 500,interior INT DEFAULT 0,vw INT DEFAULT 0,health FLOAT DEFAUTL 100,armour FLOAT DEFAULT 0,posx DOUBLE DEFAULT 1742.5883,posy DOUBLE DEFAULT -1860.1143,posz DOUBLE DEFAULT 13.5791,posa DOUBLE DEFAULT 2.1128,PRIMARY KEY(id));": You have an error in your SQL syntax; check the manual that corresponds to your MySQL server version for the right syntax to use near 'INTAUTO_INCREMENT,name VARCHAR(24) NOT NULL,pass VARCHAR(65) NOT NULL,salt VARCH' at line 1
[20:10:26] [WARNING] duplicate connection detected: handle id 2 already exists with host = '127.0.0.1', username = 'zikis' and database = 'saroleplay'
[20:10:26] [ERROR] error #1064 while executing query "CREATE TABLE IF NOT EXISTS player (id INT AUTO_INCREMENT,name VARCHAR(24) NOT NULL,pass VARCHAR(65) NOT NULL,salt VARCHAR(13) NOT NULL,ip VARCHAR(16) DEFAULT 'N/A',lastlogin VARCHAR(23) DEFAULT 'N/A',admin INT DEFAULT 0,skin INT DEFAULT 1,money INT DEFAULT 250,moneyb INT DEFAULT 500,interior INT DEFAULT 0,vw INT DEFAULT 0,health FLOAT DEFAUTL 100,armour FLOAT DEFAULT 0,posx DOUBLE DEFAULT 1742.5883,posy DOUBLE DEFAULT -1860.1143,posz DOUBLE DEFAULT 13.5791,posa DOUBLE DEFAULT 2.1128,PRIMARY KEY(id));": You have an error in your SQL syntax; check the manual that corresponds to your MySQL server version for the right syntax to use near 'DEFAUTL 100,armour FLOAT DEFAULT 0,posx DOUBLE DEFAULT 1742.5883,posy DOUBLE DEF' at line 1
[20:11:29] [WARNING] duplicate connection detected: handle id 2 already exists with host = '127.0.0.1', username = 'zikis' and database = 'saroleplay'
[23:54:16] [WARNING] duplicate connection detected: handle id 2 already exists with host = '127.0.0.1', username = 'zikis' and database = 'saroleplay'
[00:30:55] [WARNING] duplicate connection detected: handle id 2 already exists with host = '127.0.0.1', username = 'zikis' and database = 'saroleplay'
[01:50:40] [ERROR] orm_destroy: invalid orm id '0' (../modules/server/login/login.pwn:23 -> D:\San Andreas Roleplay\dependencies\YSI-Includes\YSI_Coding\y_hooks\..\y_cgen\y_cgen.inc:130)
[12:57:46] [ERROR] orm_destroy: invalid orm id '0'
